1 0 0 -0.003 -0.003 0.01 0 0 0 0.00150295 0.00141238 0.0138047 -0.000232646 0.000146669 0.000216989 
2 0 0 -0.003 -0.003 0.01 0 0 0 0.00150295 0.00141238 0.0138047 -0.000232646 0.000146669 0.000216989 
3 0 0 -0.003 -0.003 0.01 0 0 0 0.00150295 0.00141238 0.0138047 -0.000232646 0.000146669 0.000216989 
4 0 0 -0.003 -0.003 0.01 0 0 0 0.00150295 0.00141238 0.0138047 -0.000232646 0.000146669 0.000216989 
5 0 0 -0.003 -0.003 0.01 0 0 0 0.00150295 0.00141238 0.0138047 -0.000232646 0.000146669 0.000216989 
6 0 0 -0.003 -0.003 0.01 0 0 0 0.00150295 0.00141238 0.0138047 -0.000232646 0.000146669 0.000216989 
7 0 0 -0.003 -0.003 0.01 0 0 0 0.00150295 0.00141238 0.0138047 -0.000232646 0.000146669 0.000216989 
8 0 0 -0.003 -0.003 0.01 0 0 0 0.00150295 0.00141238 0.0138047 -0.000232646 0.000146669 0.000216989 
9 0 0 -0.003 -0.003 0.01 0 0 0 0.00150295 0.00141238 0.0138047 -0.000232646 0.000146669 0.000216989 
10 0 0 -0.003 -0.003 0.01 0 0 0 0.00150295 0.00141238 0.0138047 -0.000232646 0.000146669 0.000216989 
11 0 0 -0.003 -0.003 0.01 0 0 0 0.00150295 0.00141238 0.0138047 -0.000232646 0.000146669 0.000216989 
12 0 0 -0.003 -0.003 0.01 0 0 0 0.00150295 0.00141238 0.0138047 -0.000232646 0.000146669 0.000216989 
13 0 0 -0.003 -0.003 0.01 0 0 0 0.00150295 0.00141238 0.0138047 -0.000232646 0.000146669 0.000216989 
14 0 0 -0.003 -0.003 0.01 0 0 0 0.00150295 0.00141238 0.0138047 -0.000232646 0.000146669 0.000216989 
15 0 0 -0.003 -0.003 0.01 0 0 0 0.00150295 0.00141238 0.0138047 -0.000232646 0.000146669 0.000216989 
16 0 0 -0.003 -0.003 0.01 0 0 0 0.00150295 0.00141238 0.0138047 -0.000232646 0.000146669 0.000216989 
17 0 0 -0.003 -0.003 0.01 0 0 0 0.00150295 0.00141238 0.0138047 -0.000232646 0.000146669 0.000216989 
18 0 0 -0.003 -0.003 0.01 0 0 0 0.00150295 0.00141238 0.0138047 -0.000232646 0.000146669 0.000216989 
19 0 0 -0.003 -0.003 0.01 0 0 0 0.00150295 0.00141238 0.0138047 -0.000232646 0.000146669 0.000216989 
20 0 0 -0.003 -0.003 0.01 0 0 0 0.00150295 0.00141238 0.0138047 -0.000232646 0.000146669 0.000216989 
21 0 0 -0.003 -0.003 0.01 0 0 0 0.00150295 0.00141238 0.0138047 -0.000232646 0.000146669 0.000216989 
22 0 0 -0.003 -0.003 0.01 0 0 0 0.00150295 0.00141238 0.0138047 -0.000232646 0.000146669 0.000216989 
23 0 0 -0.003 -0.003 0.01 0 0 0 0.00150295 0.00141238 0.0138047 -0.000232646 0.000146669 0.000216989 
24 0 0 -0.003 -0.003 0.01 0 0 0 0.00150295 0.00141238 0.0138047 -0.000232646 0.000146669 0.000216989 
25 0 0 -0.003 -0.003 0.01 0 0 0 0.00150295 0.00141238 0.0138047 -0.000232646 0.000146669 0.000216989 
26 0 0 -0.003 -0.003 0.01 0 0 0 0.00150295 0.00141238 0.0138047 -0.000232646 0.000146669 0.000216989 
27 0 0 -0.003 -0.003 0.01 0 0 0 0.00150295 0.00141238 0.0138047 -0.000232646 0.000146669 0.000216989 
28 0 0 -0.003 -0.003 0.01 0 0 0 0.00150295 0.00141238 0.0138047 -0.000232646 0.000146669 0.000216989 
29 0 0 -0.003 -0.003 0.01 0 0 0 0.00150295 0.00141238 0.0138047 -0.000232646 0.000146669 0.000216989 
30 0 0 -0.003 -0.003 0.01 0 0 0 0.00150295 0.00141238 0.0138047 -0.000232646 0.000146669 0.000216989 
31 0 0 -0.003 -0.003 0.01 0 0 0 0.00150295 0.00141238 0.0138047 -0.000232646 0.000146669 0.000216989 
32 0 0 -0.003 -0.003 0.01 0 0 0 0.00150295 0.00141238 0.0138047 -0.000232646 0.000146669 0.000216989 
33 0 0 -0.003 -0.003 0.01 0 0 0 0.00150295 0.00141238 0.0138047 -0.000232646 0.000146669 0.000216989 
34 0 0 -0.003 -0.003 0.01 0 0 0 0.00150295 0.00141238 0.0138047 -0.000232646 0.000146669 0.000216989 
35 0 0 -0.003 -0.003 0.01 0 0 0 0.00150295 0.00141238 0.0138047 -0.000232646 0.000146669 0.000216989 
36 0 0 -0.003 -0.003 0.01 0 0 0 0.00150295 0.00141238 0.0138047 -0.000232646 0.000146669 0.000216989 
37 0 0 -0.003 -0.003 0.01 0 0 0 0.00150295 0.00141238 0.0138047 -0.000232646 0.000146669 0.000216989 
38 0 0 -0.003 -0.003 0.01 0 0 0 0.00150295 0.00141238 0.0138047 -0.000232646 0.000146669 0.000216989 
39 0 0 -0.003 -0.003 0.01 0 0 0 0.00150295 0.00141238 0.0138047 -0.000232646 0.000146669 0.000216989 
40 0 0 -0.003 -0.003 0.01 0 0 0 0.00150295 0.00141238 0.0138047 -0.000232646 0.000146669 0.000216989 
41 0 0 -0.003 -0.003 0.01 0 0 0 0.00150295 0.00141238 0.0138047 -0.000232646 0.000146669 0.000216989 
42 0 0 -0.003 -0.003 0.01 0 0 0 0.00150295 0.00141238 0.0138047 -0.000232646 0.000146669 0.000216989 
43 0 0 -0.003 -0.003 0.01 0 0 0 0.00150295 0.00141238 0.0138047 -0.000232646 0.000146669 0.000216989 
44 0 0 -0.003 -0.003 0.01 0 0 0 0.00150295 0.00141238 0.0138047 -0.000232646 0.000146669 0.000216989 
45 0 0 -0.003 -0.003 0.01 0 0 0 0.00150295 0.00141238 0.0138047 -0.000232646 0.000146669 0.000216989 
46 0 0 -0.003 -0.003 0.01 0 0 0 0.00150295 0.00141238 0.0138047 -0.000232646 0.000146669 0.000216989 
47 0 0 -0.003 -0.003 0.01 0 0 0 0.00150295 0.00141238 0.0138047 -0.000232646 0.000146669 0.000216989 
48 0 0 -0.003 -0.003 0.01 0 0 0 0.00150295 0.00141238 0.0138047 -0.000232646 0.000146669 0.000216989 
49 0 0 -0.003 -0.003 0.01 0 0 0 0.00150295 0.00141238 0.0138047 -0.000232646 0.000146669 0.000216989 
50 0 0 -0.003 -0.003 0.01 0 0 0 0.00150295 0.00141238 0.0138047 -0.000232646 0.000146669 0.000216989 
